<?xml version="1.0" encoding="UTF-8"?>
<!-- Generated by org.testng.reporters.JUnitReportReporter -->
<testsuite hostname="DESKTOP-4LBHP9U" failures="0" tests="1" name="testCase.PreferenceWifi_Setting_Test" time="26.998" errors="0" timestamp="2022-06-17T19:03:42 IST" skipped="0">
  <testcase classname="testCase.PreferenceWifi_Setting_Test" name="dependenciesLinkClick" time="26.998"/>
  <system-out/>
</testsuite> <!-- testCase.PreferenceWifi_Setting_Test -->
