<?xml version="1.0" encoding="UTF-8"?>
<!-- Generated by org.testng.reporters.JUnitReportReporter -->
<testsuite hostname="DESKTOP-4LBHP9U" failures="0" tests="1" name="com.apmdemo.testcases.Drag_and_Drop_Test" time="26.643" errors="0" timestamp="2022-06-23T13:12:42 IST" skipped="0">
  <testcase classname="com.apmdemo.testcases.Drag_and_Drop_Test" name="longpress_Drag_and_DropTest" time="26.643"/>
  <system-out/>
</testsuite> <!-- com.apmdemo.testcases.Drag_and_Drop_Test -->
