<?xml version="1.0" encoding="UTF-8"?>
<!-- Generated by org.testng.reporters.JUnitReportReporter -->
<testsuite hostname="DESKTOP-4LBHP9U" failures="0" tests="1" name="testCase.HomepageTest" time="21.530" errors="0" timestamp="2022-06-17T17:32:24 IST" skipped="0">
  <testcase classname="testCase.HomepageTest" name="viewsLinkClick" time="21.530"/>
  <system-out/>
</testsuite> <!-- testCase.HomepageTest -->
