<?xml version="1.0" encoding="UTF-8"?>
<!-- Generated by org.testng.reporters.JUnitReportReporter -->
<testsuite hostname="DESKTOP-4LBHP9U" failures="0" tests="1" name="com.apmdemo.testcases.Preference_dependenciesTest" time="24.218" errors="0" timestamp="2022-06-23T13:12:42 IST" skipped="0">
  <testcase classname="com.apmdemo.testcases.Preference_dependenciesTest" name="dependenciesLinkClick" time="24.218"/>
  <system-out/>
</testsuite> <!-- com.apmdemo.testcases.Preference_dependenciesTest -->
