<?xml version="1.0" encoding="UTF-8"?>
<!-- Generated by org.testng.reporters.JUnitReportReporter -->
<testsuite hostname="DESKTOP-4LBHP9U" failures="0" tests="1" name="com.apmdemo.testcases.Custom_Adapter_Test" time="38.416" errors="0" timestamp="2022-07-01T15:46:38 IST" skipped="0">
  <testcase classname="com.apmdemo.testcases.Custom_Adapter_Test" name="tapOnCustomAdapterTest" time="38.416"/>
  <system-out/>
</testsuite> <!-- com.apmdemo.testcases.Custom_Adapter_Test -->
