<?xml version="1.0" encoding="UTF-8"?>
<!-- Generated by org.testng.reporters.JUnitReportReporter -->
<testsuite hostname="DESKTOP-4LBHP9U" failures="0" tests="1" name="com.apmdemo.testcases.LongPress_PeopleName_Enable_Alert_Test" time="48.653" errors="0" timestamp="2022-07-01T15:46:38 IST" skipped="0">
  <testcase classname="com.apmdemo.testcases.LongPress_PeopleName_Enable_Alert_Test" name="longPress_Open_Menu_Test" time="48.653"/>
  <system-out/>
</testsuite> <!-- com.apmdemo.testcases.LongPress_PeopleName_Enable_Alert_Test -->
