<?xml version="1.0" encoding="UTF-8"?>
<!-- Generated by org.testng.reporters.JUnitReportReporter -->
<testsuite hostname="DESKTOP-4LBHP9U" failures="0" tests="1" name="practise.AppiumFramework.Date_Time_widget_Test" time="20.429" errors="0" timestamp="2022-06-16T15:32:34 IST" skipped="0">
  <testcase classname="practise.AppiumFramework.Date_Time_widget_Test" name="Date_Time_widgetTest" time="20.429"/>
  <system-out/>
</testsuite> <!-- practise.AppiumFramework.Date_Time_widget_Test -->
